This is pdfTeX, Version 3.14159265-2.6-1.40.21 (MiKTeX 2.9.7440 64-bit) (preloaded format=pdflatex 2020.5.5)  23 NOV 2020 17:35
entering extended mode
**C:/Users/jxt32/Documents/GitHub/EEJKT_writeup/writeup.tex
(C:/Users/jxt32/Documents/GitHub/EEJKT_writeup/writeup.tex
LaTeX2e <2020-02-02> patch level 4
L3 programming layer <2020-02-25>
("C:\Program Files\MiKTeX 2.9\tex/latex/base\article.cls"
Document Class: article 2019/12/20 v1.4l Standard LaTeX document class
("C:\Program Files\MiKTeX 2.9\tex/latex/base\size12.clo"
File: size12.clo 2019/12/20 v1.4l Standard LaTeX file (size option)
)
\c@part=\count167
\c@section=\count168
\c@subsection=\count169
\c@subsubsection=\count170
\c@paragraph=\count171
\c@subparagraph=\count172
\c@figure=\count173
\c@table=\count174
\abovecaptionskip=\skip47
\belowcaptionskip=\skip48
\bibindent=\dimen134
)
("C:\Program Files\MiKTeX 2.9\tex/latex/eurosym\eurosym.sty"
Package: eurosym 1998/08/06 v1.1 European currency symbol ``Euro''
\@eurobox=\box45
)
("C:\Program Files\MiKTeX 2.9\tex/latex/base\makeidx.sty"
Package: makeidx 2014/09/29 v1.0m Standard LaTeX package
)
("C:\Program Files\MiKTeX 2.9\tex/latex/amsfonts\amssymb.sty"
Package: amssymb 2013/01/14 v3.01 AMS font symbols

("C:\Program Files\MiKTeX 2.9\tex/latex/amsfonts\amsfonts.sty"
Package: amsfonts 2013/01/14 v3.01 Basic AMSFonts support
\@emptytoks=\toks14
\symAMSa=\mathgroup4
\symAMSb=\mathgroup5
LaTeX Font Info:    Redeclaring math symbol \hbar on input line 98.
LaTeX Font Info:    Overwriting math alphabet `\mathfrak' in version `bold'
(Font)                  U/euf/m/n --> U/euf/b/n on input line 106.
))
("C:\Program Files\MiKTeX 2.9\tex/latex/amsmath\amscd.sty"
Package: amscd 2017/04/14 v2.1 AMS Commutative Diagrams

("C:\Program Files\MiKTeX 2.9\tex/latex/amsmath\amsgen.sty"
File: amsgen.sty 1999/11/30 v2.0 generic functions
\@emptytoks=\toks15
\ex@=\dimen135
)
\athelp@=\toks16
\minaw@=\dimen136
\bigaw@=\dimen137
\minCDarrowwidth=\dimen138
)
("C:\Program Files\MiKTeX 2.9\tex/latex/amsmath\amsmath.sty"
Package: amsmath 2020/01/20 v2.17e AMS math features
\@mathmargin=\skip49

For additional information on amsmath, use the `?' option.
("C:\Program Files\MiKTeX 2.9\tex/latex/amsmath\amstext.sty"
Package: amstext 2000/06/29 v2.01 AMS text
)
("C:\Program Files\MiKTeX 2.9\tex/latex/amsmath\amsbsy.sty"
Package: amsbsy 1999/11/29 v1.2d Bold Symbols
\pmbraise@=\dimen139
)
("C:\Program Files\MiKTeX 2.9\tex/latex/amsmath\amsopn.sty"
Package: amsopn 2016/03/08 v2.02 operator names
)
\inf@bad=\count175
LaTeX Info: Redefining \frac on input line 227.
\uproot@=\count176
\leftroot@=\count177
LaTeX Info: Redefining \overline on input line 389.
\classnum@=\count178
\DOTSCASE@=\count179
LaTeX Info: Redefining \ldots on input line 486.
LaTeX Info: Redefining \dots on input line 489.
LaTeX Info: Redefining \cdots on input line 610.
\Mathstrutbox@=\box46
\strutbox@=\box47
\big@size=\dimen140
LaTeX Font Info:    Redeclaring font encoding OML on input line 733.
LaTeX Font Info:    Redeclaring font encoding OMS on input line 734.
\macc@depth=\count180
\c@MaxMatrixCols=\count181
\dotsspace@=\muskip16
\c@parentequation=\count182
\dspbrk@lvl=\count183
\tag@help=\toks17
\row@=\count184
\column@=\count185
\maxfields@=\count186
\andhelp@=\toks18
\eqnshift@=\dimen141
\alignsep@=\dimen142
\tagshift@=\dimen143
\tagwidth@=\dimen144
\totwidth@=\dimen145
\lineht@=\dimen146
\@envbody=\toks19
\multlinegap=\skip50
\multlinetaggap=\skip51
\mathdisplay@stack=\toks20
LaTeX Info: Redefining \[ on input line 2859.
LaTeX Info: Redefining \] on input line 2860.
)
("C:\Program Files\MiKTeX 2.9\tex/latex/graphics\graphicx.sty"
Package: graphicx 2019/11/30 v1.2a Enhanced LaTeX Graphics (DPC,SPQR)

("C:\Program Files\MiKTeX 2.9\tex/latex/graphics\keyval.sty"
Package: keyval 2014/10/28 v1.15 key=value parser (DPC)
\KV@toks@=\toks21
)
("C:\Program Files\MiKTeX 2.9\tex/latex/graphics\graphics.sty"
Package: graphics 2019/11/30 v1.4a Standard LaTeX Graphics (DPC,SPQR)

("C:\Program Files\MiKTeX 2.9\tex/latex/graphics\trig.sty"
Package: trig 2016/01/03 v1.10 sin cos tan (DPC)
)
("C:\Program Files\MiKTeX 2.9\tex/latex/graphics-cfg\graphics.cfg"
File: graphics.cfg 2016/06/04 v1.11 sample graphics configuration
)
Package graphics Info: Driver file: pdftex.def on input line 105.

("C:\Program Files\MiKTeX 2.9\tex/latex/graphics-def\pdftex.def"
File: pdftex.def 2018/01/08 v1.0l Graphics/color driver for pdftex
))
\Gin@req@height=\dimen147
\Gin@req@width=\dimen148
)
("C:\Program Files\MiKTeX 2.9\tex/latex/geometry\geometry.sty"
Package: geometry 2020/01/02 v5.9 Page Geometry

("C:\Program Files\MiKTeX 2.9\tex/generic/iftex\ifvtex.sty"
Package: ifvtex 2019/10/25 v1.7 ifvtex legacy package. Use iftex instead.

("C:\Program Files\MiKTeX 2.9\tex/generic/iftex\iftex.sty"
Package: iftex 2020/03/06 v1.0d TeX engine tests
))
\Gm@cnth=\count187
\Gm@cntv=\count188
\c@Gm@tempcnt=\count189
\Gm@bindingoffset=\dimen149
\Gm@wd@mp=\dimen150
\Gm@odd@mp=\dimen151
\Gm@even@mp=\dimen152
\Gm@layoutwidth=\dimen153
\Gm@layoutheight=\dimen154
\Gm@layouthoffset=\dimen155
\Gm@layoutvoffset=\dimen156
\Gm@dimlist=\toks22

("C:\Program Files\MiKTeX 2.9\tex/latex/geometry\geometry.cfg"))
(C:\Users\jxt32\AppData\Roaming\MiKTeX\2.9\tex/latex/setspace\setspace.sty
Package: setspace 2011/12/19 v6.7a set line spacing
)
(C:\Users\jxt32\AppData\Roaming\MiKTeX\2.9\tex/latex/caption\caption.sty
Package: caption 2018/10/06 v3.3-154 Customizing captions (AR)

(C:\Users\jxt32\AppData\Roaming\MiKTeX\2.9\tex/latex/caption\caption3.sty
Package: caption3 2018/09/12 v1.8c caption3 kernel (AR)
Package caption3 Info: TeX engine: e-TeX on input line 64.
\captionmargin=\dimen157
\captionmargin@=\dimen158
\captionwidth=\dimen159
\caption@tempdima=\dimen160
\caption@indent=\dimen161
\caption@parindent=\dimen162
\caption@hangindent=\dimen163
)
\c@caption@flags=\count190
\c@ContinuedFloat=\count191
)
(C:\Users\jxt32\AppData\Roaming\MiKTeX\2.9\tex/latex/caption\subcaption.sty
Package: subcaption 2018/05/01 v1.1-162 Sub-captions (AR)
\c@subfigure=\count192
\c@subtable=\count193
)
("C:\Program Files\MiKTeX 2.9\tex/latex/tools\longtable.sty"
Package: longtable 2020/01/07 v4.13 Multi-page Table package (DPC)
\LTleft=\skip52
\LTright=\skip53
\LTpre=\skip54
\LTpost=\skip55
\LTchunksize=\count194
\LTcapwidth=\dimen164
\LT@head=\box48
\LT@firsthead=\box49
\LT@foot=\box50
\LT@lastfoot=\box51
\LT@cols=\count195
\LT@rows=\count196
\c@LT@tables=\count197
\c@LT@chunks=\count198
\LT@p@ftn=\toks23
)
("C:\Program Files\MiKTeX 2.9\tex/latex/graphics\rotating.sty"
Package: rotating 2016/08/11 v2.16d rotated objects in LaTeX

("C:\Program Files\MiKTeX 2.9\tex/latex/base\ifthen.sty"
Package: ifthen 2014/09/29 v1.1c Standard LaTeX ifthen package (DPC)
)
\c@r@tfl@t=\count199
\rotFPtop=\skip56
\rotFPbot=\skip57
\rot@float@box=\box52
\rot@mess@toks=\toks24
)
("C:\Program Files\MiKTeX 2.9\tex/latex/float\float.sty"
Package: float 2001/11/08 v1.3d Float enhancements (AL)
\c@float@type=\count266
\float@exts=\toks25
\float@box=\box53
\@float@everytoks=\toks26
\@floatcapt=\box54
)
("C:\Program Files\MiKTeX 2.9\tex/latex/hyperref\hyperref.sty"
Package: hyperref 2020-05-15 v7.00e Hypertext links for LaTeX

("C:\Program Files\MiKTeX 2.9\tex/generic/oberdiek\ltxcmds.sty"
Package: ltxcmds 2016/05/16 v1.23 LaTeX kernel commands for general use (HO)
)
("C:\Program Files\MiKTeX 2.9\tex/latex/pdftexcmds\pdftexcmds.sty"
Package: pdftexcmds 2019/11/24 v0.31 Utility functions of pdfTeX for LuaTeX (HO
)

("C:\Program Files\MiKTeX 2.9\tex/generic/oberdiek\infwarerr.sty"
Package: infwarerr 2016/05/16 v1.4 Providing info/warning/error messages (HO)
)
Package pdftexcmds Info: \pdf@primitive is available.
Package pdftexcmds Info: \pdf@ifprimitive is available.
Package pdftexcmds Info: \pdfdraftmode found.
)
("C:\Program Files\MiKTeX 2.9\tex/generic/oberdiek\kvsetkeys.sty"
Package: kvsetkeys 2016/05/16 v1.17 Key value parser (HO)

("C:\Program Files\MiKTeX 2.9\tex/generic/oberdiek\etexcmds.sty"
Package: etexcmds 2016/05/16 v1.6 Avoid name clashes with e-TeX commands (HO)

("C:\Program Files\MiKTeX 2.9\tex/generic/iftex\ifluatex.sty"
Package: ifluatex 2019/10/25 v1.5 ifluatex legacy package. Use iftex instead.
)))
("C:\Program Files\MiKTeX 2.9\tex/generic/oberdiek\kvdefinekeys.sty"
Package: kvdefinekeys 2016/05/16 v1.4 Define keys (HO)
)
("C:\Program Files\MiKTeX 2.9\tex/generic/oberdiek\pdfescape.sty"
Package: pdfescape 2016/05/16 v1.14 Implements pdfTeX's escape features (HO)
)
("C:\Program Files\MiKTeX 2.9\tex/latex/oberdiek\hycolor.sty"
Package: hycolor 2016/05/16 v1.8 Color options for hyperref/bookmark (HO)

("C:\Program Files\MiKTeX 2.9\tex/latex/oberdiek\xcolor-patch.sty"
Package: xcolor-patch 2016/05/16 xcolor patch

("C:\Program Files\MiKTeX 2.9\tex/latex/oberdiek\hopatch.sty"
Package: hopatch 2016/05/16 v1.3 Wrapper for package hooks (HO)
)))
("C:\Program Files\MiKTeX 2.9\tex/latex/oberdiek\letltxmacro.sty"
Package: letltxmacro 2016/05/16 v1.5 Let assignment for LaTeX macros (HO)
)
("C:\Program Files\MiKTeX 2.9\tex/latex/oberdiek\auxhook.sty"
Package: auxhook 2016/05/16 v1.4 Hooks for auxiliary files (HO)
)
("C:\Program Files\MiKTeX 2.9\tex/latex/oberdiek\kvoptions.sty"
Package: kvoptions 2016/05/16 v3.12 Key value format for package options (HO)
)
\@linkdim=\dimen165
\Hy@linkcounter=\count267
\Hy@pagecounter=\count268

("C:\Program Files\MiKTeX 2.9\tex/latex/hyperref\pd1enc.def"
File: pd1enc.def 2020-05-15 v7.00e Hyperref: PDFDocEncoding definition (HO)
Now handling font encoding PD1 ...
... no UTF-8 mapping file for font encoding PD1
)
("C:\Program Files\MiKTeX 2.9\tex/generic/oberdiek\intcalc.sty"
Package: intcalc 2016/05/16 v1.2 Expandable calculations with integers (HO)
)
\Hy@SavedSpaceFactor=\count269

("C:\Program Files\MiKTeX 2.9\tex/latex/00miktex\hyperref.cfg"
File: hyperref.cfg 2002/06/06 v1.2 hyperref configuration of TeXLive
)
Package hyperref Info: Option `breaklinks' set `true' on input line 4338.
Package hyperref Info: Option `colorlinks' set `true' on input line 4338.
Package hyperref Info: Hyper figures OFF on input line 4464.
Package hyperref Info: Link nesting OFF on input line 4469.
Package hyperref Info: Hyper index ON on input line 4472.
Package hyperref Info: Plain pages OFF on input line 4479.
Package hyperref Info: Backreferencing OFF on input line 4484.
Package hyperref Info: Implicit mode ON; LaTeX internals redefined.
Package hyperref Info: Bookmarks ON on input line 4717.
\c@Hy@tempcnt=\count270

(C:\Users\jxt32\AppData\Roaming\MiKTeX\2.9\tex/latex/url\url.sty
\Urlmuskip=\muskip17
Package: url 2013/09/16  ver 3.4  Verb mode for urls, etc.
)
LaTeX Info: Redefining \url on input line 5076.
\XeTeXLinkMargin=\dimen166

("C:\Program Files\MiKTeX 2.9\tex/generic/oberdiek\bitset.sty"
Package: bitset 2016/05/16 v1.2 Handle bit-vector datatype (HO)

("C:\Program Files\MiKTeX 2.9\tex/generic/oberdiek\bigintcalc.sty"
Package: bigintcalc 2016/05/16 v1.4 Expandable calculations on big integers (HO
)
))
\Fld@menulength=\count271
\Field@Width=\dimen167
\Fld@charsize=\dimen168
Package hyperref Info: Hyper figures OFF on input line 6347.
Package hyperref Info: Link nesting OFF on input line 6352.
Package hyperref Info: Hyper index ON on input line 6355.
Package hyperref Info: backreferencing OFF on input line 6362.
Package hyperref Info: Link coloring ON on input line 6365.
Package hyperref Info: Link coloring with OCG OFF on input line 6372.
Package hyperref Info: PDF/A mode OFF on input line 6377.
LaTeX Info: Redefining \ref on input line 6417.
LaTeX Info: Redefining \pageref on input line 6421.

("C:\Program Files\MiKTeX 2.9\tex/generic/oberdiek\atbegshi.sty"
Package: atbegshi 2016/06/09 v1.18 At begin shipout hook (HO)

("C:\Program Files\MiKTeX 2.9\tex/generic/iftex\ifpdf.sty"
Package: ifpdf 2019/10/25 v3.4 ifpdf legacy package. Use iftex instead.
))
\Hy@abspage=\count272
\c@Item=\count273
\c@Hfootnote=\count274
)
Package hyperref Info: Driver (autodetected): hpdftex.

("C:\Program Files\MiKTeX 2.9\tex/latex/hyperref\hpdftex.def"
File: hpdftex.def 2020-05-15 v7.00e Hyperref driver for pdfTeX

("C:\Program Files\MiKTeX 2.9\tex/latex/oberdiek\atveryend.sty"
Package: atveryend 2016/05/16 v1.9 Hooks at the very end of document (HO)
Package atveryend Info: \enddocument detected (standard20110627).
)
\Fld@listcount=\count275
\c@bookmark@seq@number=\count276

("C:\Program Files\MiKTeX 2.9\tex/latex/oberdiek\rerunfilecheck.sty"
Package: rerunfilecheck 2016/05/16 v1.8 Rerun checks for auxiliary files (HO)

("C:\Program Files\MiKTeX 2.9\tex/generic/oberdiek\uniquecounter.sty"
Package: uniquecounter 2016/05/16 v1.3 Provide unlimited unique counter (HO)
)
Package uniquecounter Info: New unique counter `rerunfilecheck' on input line 2
82.
)
\Hy@SectionHShift=\skip58
)
(C:\Users\jxt32\AppData\Roaming\MiKTeX\2.9\tex/latex/footmisc\footmisc.sty
Package: footmisc 2011/06/06 v5.5b a miscellany of footnote facilities
\FN@temptoken=\toks27
\footnotemargin=\dimen169
\c@pp@next@reset=\count277
Package footmisc Info: Declaring symbol style bringhurst on input line 855.
Package footmisc Info: Declaring symbol style chicago on input line 863.
Package footmisc Info: Declaring symbol style wiley on input line 872.
Package footmisc Info: Declaring symbol style lamport-robust on input line 883.

Package footmisc Info: Declaring symbol style lamport* on input line 903.
Package footmisc Info: Declaring symbol style lamport*-robust on input line 924
.
)
("C:\Program Files\MiKTeX 2.9\tex/latex/tools\tabularx.sty"
Package: tabularx 2020/01/15 v2.11c `tabularx' package (DPC)

("C:\Program Files\MiKTeX 2.9\tex/latex/tools\array.sty"
Package: array 2019/08/31 v2.4l Tabular extension package (FMi)
\col@sep=\dimen170
\ar@mcellbox=\box55
\extrarowheight=\dimen171
\NC@list=\toks28
\extratabsurround=\skip59
\backup@length=\skip60
\ar@cellbox=\box56
)
\TX@col@width=\dimen172
\TX@old@table=\dimen173
\TX@old@col=\dimen174
\TX@target=\dimen175
\TX@delta=\dimen176
\TX@cols=\count278
\TX@ftn=\toks29
)
(C:\Users\jxt32\AppData\Roaming\MiKTeX\2.9\tex/latex/xcolor\xcolor.sty
Package: xcolor 2016/05/11 v2.12 LaTeX color extensions (UK)

("C:\Program Files\MiKTeX 2.9\tex/latex/graphics-cfg\color.cfg"
File: color.cfg 2016/01/02 v1.6 sample color configuration
)
Package xcolor Info: Driver file: pdftex.def on input line 225.

("C:\Program Files\MiKTeX 2.9\tex/latex/colortbl\colortbl.sty"
Package: colortbl 2020/01/04 v1.0e Color table columns (DPC)
\everycr=\toks30
\minrowclearance=\skip61
)
\rownum=\count279
Package xcolor Info: Model `cmy' substituted by `cmy0' on input line 1348.
Package xcolor Info: Model `hsb' substituted by `rgb' on input line 1352.
Package xcolor Info: Model `RGB' extended on input line 1364.
Package xcolor Info: Model `HTML' substituted by `rgb' on input line 1366.
Package xcolor Info: Model `Hsb' substituted by `hsb' on input line 1367.
Package xcolor Info: Model `tHsb' substituted by `hsb' on input line 1368.
Package xcolor Info: Model `HSB' substituted by `hsb' on input line 1369.
Package xcolor Info: Model `Gray' substituted by `gray' on input line 1370.
Package xcolor Info: Model `wave' substituted by `hsb' on input line 1371.
)
(C:\Users\jxt32\AppData\Roaming\MiKTeX\2.9\tex/latex/threeparttable\threepartta
ble.sty
Package: threeparttable 2003/06/13  v 3.0
\@tempboxb=\box57
) ("C:\Program Files\MiKTeX 2.9\tex/latex/placeins\placeins.sty"
Package: placeins 2005/04/18  v 2.2
)
("C:\Program Files\MiKTeX 2.9\tex/latex/natbib\natbib.sty"
Package: natbib 2010/09/13 8.31b (PWD, AO)
\bibhang=\skip62
\bibsep=\skip63
LaTeX Info: Redefining \cite on input line 694.
\c@NAT@ctr=\count280
)
\c@theorem=\count281

(C:/Users/jxt32/Documents/GitHub/EEJKT_writeup\tcilatex.tex
TCILATEX Macros for Scientific Word 2.5 <22 Dec 95>.
NOTICE: This macro file is NOT proprietary and may be freely copied and distrib
uted.
\@hour=\count282
\@minute=\count283
\GRAPHICSTYPE=\count284
\draft=\count285
\dispkind=\count286
\c@chapter=\count287
\theight=\dimen177
LaTeX Info: Redefining \rm on input line 557.
LaTeX Info: Redefining \sf on input line 558.
LaTeX Info: Redefining \tt on input line 559.
LaTeX Info: Redefining \bf on input line 560.
LaTeX Info: Redefining \it on input line 561.
LaTeX Info: Redefining \sl on input line 562.
LaTeX Info: Redefining \sc on input line 563.
("C:\Program Files\MiKTeX 2.9\tex/latex/base\latexsym.sty"
Package: latexsym 1998/08/17 v2.2e Standard LaTeX package (lasy symbols)
\symlasy=\mathgroup6
LaTeX Font Info:    Overwriting symbol font `lasy' in version `bold'
(Font)                  U/lasy/m/n --> U/lasy/b/n on input line 52.
)
\c@equationnumber=\count288

amsgen already loaded)
("C:\Program Files\MiKTeX 2.9\tex/latex/l3backend\l3backend-pdfmode.def"
File: l3backend-pdfmode.def 2020-05-05 L3 backend support: PDF mode
\l__kernel_color_stack_int=\count289
\l__pdf_internal_box=\box58
)
(C:/Users/jxt32/Documents/GitHub/EEJKT_writeup\writeup.aux)
\openout1 = `writeup.aux'.

LaTeX Font Info:    Checking defaults for OML/cmm/m/it on input line 67.
LaTeX Font Info:    ... okay on input line 67.
LaTeX Font Info:    Checking defaults for OMS/cmsy/m/n on input line 67.
LaTeX Font Info:    ... okay on input line 67.
LaTeX Font Info:    Checking defaults for OT1/cmr/m/n on input line 67.
LaTeX Font Info:    ... okay on input line 67.
LaTeX Font Info:    Checking defaults for T1/cmr/m/n on input line 67.
LaTeX Font Info:    ... okay on input line 67.
LaTeX Font Info:    Checking defaults for TS1/cmr/m/n on input line 67.
LaTeX Font Info:    ... okay on input line 67.
LaTeX Font Info:    Checking defaults for OMX/cmex/m/n on input line 67.
LaTeX Font Info:    ... okay on input line 67.
LaTeX Font Info:    Checking defaults for U/cmr/m/n on input line 67.
LaTeX Font Info:    ... okay on input line 67.
LaTeX Font Info:    Checking defaults for PD1/pdf/m/n on input line 67.
LaTeX Font Info:    ... okay on input line 67.

(C:\Users\jxt32\AppData\Roaming\MiKTeX\2.9\tex/context/base/mkii\supp-pdf.mkii
[Loading MPS to PDF converter (version 2006.09.02).]
\scratchcounter=\count290
\scratchdimen=\dimen178
\scratchbox=\box59
\nofMPsegments=\count291
\nofMParguments=\count292
\everyMPshowfont=\toks31
\MPscratchCnt=\count293
\MPscratchDim=\dimen179
\MPnumerator=\count294
\makeMPintoPDFobject=\count295
\everyMPtoPDFconversion=\toks32
) ("C:\Program Files\MiKTeX 2.9\tex/latex/epstopdf-pkg\epstopdf-base.sty"
Package: epstopdf-base 2020-01-24 v2.11 Base part for package epstopdf
Package epstopdf-base Info: Redefining graphics rule for `.eps' on input line 4
85.
)
*geometry* driver: auto-detecting
*geometry* detected driver: pdftex
*geometry* verbose mode - [ preamble ] result:
* driver: pdftex
* paper: <default>
* layout: <same size as paper>
* layoutoffset:(h,v)=(0.0pt,0.0pt)
* modes: 
* h-part:(L,W,R)=(72.26999pt, 469.75502pt, 72.26999pt)
* v-part:(T,H,B)=(65.04256pt, 664.88487pt, 65.04256pt)
* \paperwidth=614.295pt
* \paperheight=794.96999pt
* \textwidth=469.75502pt
* \textheight=664.88487pt
* \oddsidemargin=0.0pt
* \evensidemargin=0.0pt
* \topmargin=-44.22743pt
* \headheight=12.0pt
* \headsep=25.0pt
* \topskip=12.0pt
* \footskip=30.0pt
* \marginparwidth=44.0pt
* \marginparsep=10.0pt
* \columnsep=10.0pt
* \skip\footins=10.8pt plus 4.0pt minus 2.0pt
* \hoffset=0.0pt
* \voffset=0.0pt
* \mag=1000
* \@twocolumnfalse
* \@twosidefalse
* \@mparswitchfalse
* \@reversemarginfalse
* (1in=72.27pt=25.4mm, 1cm=28.453pt)

Package caption Info: Begin \AtBeginDocument code.
Package caption Info: float package is loaded.
Package caption Info: hyperref package is loaded.
Package caption Info: longtable package is loaded.
(C:\Users\jxt32\AppData\Roaming\MiKTeX\2.9\tex/latex/caption\ltcaption.sty
Package: ltcaption 2018/08/26 v1.4-95 longtable captions (AR)
)
Package caption Info: rotating package is loaded.
Package caption Info: threeparttable package is loaded.
Package caption Info: End \AtBeginDocument code.
\AtBeginShipoutBox=\box60
Package hyperref Info: Link coloring ON on input line 67.

("C:\Program Files\MiKTeX 2.9\tex/latex/hyperref\nameref.sty"
Package: nameref 2019/09/16 v2.46 Cross-referencing by name of section

("C:\Program Files\MiKTeX 2.9\tex/latex/oberdiek\refcount.sty"
Package: refcount 2016/05/16 v3.5 Data extraction from label references (HO)
)
("C:\Program Files\MiKTeX 2.9\tex/generic/oberdiek\gettitlestring.sty"
Package: gettitlestring 2016/05/16 v1.5 Cleanup title references (HO)
)
\c@section@level=\count296
)
LaTeX Info: Redefining \ref on input line 67.
LaTeX Info: Redefining \pageref on input line 67.
LaTeX Info: Redefining \nameref on input line 67.

(C:/Users/jxt32/Documents/GitHub/EEJKT_writeup\writeup.out)
(C:/Users/jxt32/Documents/GitHub/EEJKT_writeup\writeup.out)
\@outlinefile=\write3
\openout3 = `writeup.out'.

LaTeX Font Info:    Trying to load font information for U+msa on input line 84.


("C:\Program Files\MiKTeX 2.9\tex/latex/amsfonts\umsa.fd"
File: umsa.fd 2013/01/14 v3.01 AMS symbols A
)
LaTeX Font Info:    Trying to load font information for U+msb on input line 84.


("C:\Program Files\MiKTeX 2.9\tex/latex/amsfonts\umsb.fd"
File: umsb.fd 2013/01/14 v3.01 AMS symbols B
)
LaTeX Font Info:    Trying to load font information for U+lasy on input line 84
.

("C:\Program Files\MiKTeX 2.9\tex/latex/base\ulasy.fd"
File: ulasy.fd 1998/08/17 v2.2e LaTeX symbol font definitions
) [1

{C:/Users/jxt32/AppData/Local/MiKTeX/2.9/pdftex/config/pdftex.map}] [2] [3] [4]
 [5] [6] [7] [8]
LaTeX Font Info:    Trying to load font information for OMS+cmr on input line 4
98.

("C:\Program Files\MiKTeX 2.9\tex/latex/base\omscmr.fd"
File: omscmr.fd 2019/12/16 v2.5j Standard LaTeX font definitions
)
LaTeX Font Info:    Font shape `OMS/cmr/m/n' in size <12> not available
(Font)              Font shape `OMS/cmsy/m/n' tried instead on input line 498.
 [9] [10] [11]
<figures/Figure_1_quadrants_v2.png, id=251, 681.86745pt x 407.96416pt>
File: figures/Figure_1_quadrants_v2.png Graphic file (type png)
<use figures/Figure_1_quadrants_v2.png>
Package pdftex.def Info: figures/Figure_1_quadrants_v2.png  used on input line 
620.
(pdftex.def)             Requested size: 469.75502pt x 281.05981pt.
 [12 <C:/Users/jxt32/Documents/GitHub/EEJKT_writeup/figures/Figure_1_quadrants_
v2.png>]
[13] [14]
Overfull \hbox (12.08257pt too wide) in alignment at lines 785--797
 [][][] []
 []

[15] [16] [17] [18] [19] [20] [21]

LaTeX Font Warning: Command \small invalid in math mode on input line 1192.


LaTeX Font Warning: Command \small invalid in math mode on input line 1201.


LaTeX Font Warning: Command \small invalid in math mode on input line 1201.


LaTeX Font Warning: Command \small invalid in math mode on input line 1203.


LaTeX Font Warning: Command \small invalid in math mode on input line 1203.


LaTeX Font Warning: Command \small invalid in math mode on input line 1203.


LaTeX Font Warning: Command \small invalid in math mode on input line 1206.


LaTeX Font Warning: Command \small invalid in math mode on input line 1208.


LaTeX Font Warning: Command \small invalid in math mode on input line 1208.


LaTeX Font Warning: Command \small invalid in math mode on input line 1211.


LaTeX Font Warning: Command \small invalid in math mode on input line 1211.


LaTeX Font Warning: Command \small invalid in math mode on input line 1211.


LaTeX Font Warning: Command \small invalid in math mode on input line 1212.


LaTeX Font Warning: Command \small invalid in math mode on input line 1212.


LaTeX Font Warning: Command \small invalid in math mode on input line 1213.

[22] [23] [24]

LaTeX Font Warning: Command \small invalid in math mode on input line 1360.


LaTeX Font Warning: Command \small invalid in math mode on input line 1360.

[25] [26] [27]
Underfull \hbox (badness 10000) in paragraph at lines 1651--1660

 []


Overfull \hbox (293.1134pt too wide) in paragraph at lines 1674--1694
\OT1/cmr/m/n/12 gross prof-its per ship-ment rang-ing from $$\OML/cmm/m/it/12 U
S\OT1/cmr/m/n/12 4\OML/cmm/m/it/12 to\OT1/cmr/m/n/12 $\OML/cmm/m/it/12 US\OT1/c
mr/m/n/12 42\OML/cmm/m/it/12 ; dependinguponwhatstateitsbuyerisin:Inthedomestic
market; theanalogousfiguresrangefrom$
 []


Overfull \hbox (14.30182pt too wide) in paragraph at lines 1674--1694
\OT1/cmr/m/n/12 buyer in the most fa-vor-able macro state earns $$\OML/cmm/m/it
/12 US\OT1/cmr/m/n/12 31\OML/cmm/m/it/12 ; \OT1/cmr/m/n/12 512\OML/cmm/m/it/12 
ingrossprofitsperexportshipmentand$
 []

[28] [29]
Overfull \hbox (53.96748pt too wide) in paragraph at lines 1740--1749
\OT1/cmr/m/n/12 which we es-ti-mate to have mean $[]\OML/cmm/m/it/12 =\OT1/cmr
/m/n/12 ([]\OML/cmm/m/it/12  \OT1/cmr/m/n/12 + []\OML/cmm/m/it/12 \OT1/cmr/m/
n/12 ) = 0\OML/cmm/m/it/12 :\OT1/cmr/m/n/12 23$ and stan-dard de-vi-a-tion $[] 
=$
 []

[30] [31] [32] [33] [34]
<figures/val_f_three_types.png, id=469, 429.2838pt x 338.7054pt>
File: figures/val_f_three_types.png Graphic file (type png)
<use figures/val_f_three_types.png>
Package pdftex.def Info: figures/val_f_three_types.png  used on input line 2041
.
(pdftex.def)             Requested size: 214.64137pt x 169.35228pt.
 [35 <C:/Users/jxt32/Documents/GitHub/EEJKT_writeup/figures/val_f_three_types.p
ng (PNG copy)>]
<figures/success_beliefs.png, id=478, 429.2838pt x 338.7054pt>
File: figures/success_beliefs.png Graphic file (type png)
<use figures/success_beliefs.png>
Package pdftex.def Info: figures/success_beliefs.png  used on input line 2084.
(pdftex.def)             Requested size: 214.64137pt x 169.35228pt.
 [36 <C:/Users/jxt32/Documents/GitHub/EEJKT_writeup/figures/success_beliefs.png
 (PNG copy)>]

Package hyperref Warning: Token not allowed in a PDF string (PDFDocEncoding):
(hyperref)                removing `math shift' on input line 2108.


Package hyperref Warning: Token not allowed in a PDF string (PDFDocEncoding):
(hyperref)                removing `\setbox' on input line 2108.


Package hyperref Warning: Token not allowed in a PDF string (PDFDocEncoding):
(hyperref)                removing `\hbox' on input line 2108.


Package hyperref Warning: Token not allowed in a PDF string (PDFDocEncoding):
(hyperref)                removing `math shift' on input line 2108.


Package hyperref Warning: Token not allowed in a PDF string (PDFDocEncoding):
(hyperref)                removing `\global' on input line 2108.


Package hyperref Warning: Token not allowed in a PDF string (PDFDocEncoding):
(hyperref)                removing `\<def>-command' on input line 2108.


Package hyperref Warning: Token not allowed in a PDF string (PDFDocEncoding):
(hyperref)                removing `\theboldgroup' on input line 2108.


Package hyperref Warning: Token not allowed in a PDF string (PDFDocEncoding):
(hyperref)                removing `math shift' on input line 2108.


Package hyperref Warning: Token not allowed in a PDF string (PDFDocEncoding):
(hyperref)                removing `\mathchar' on input line 2108.


Package hyperref Warning: Token not allowed in a PDF string (PDFDocEncoding):
(hyperref)                removing `superscript' on input line 2108.


Package hyperref Warning: Token not allowed in a PDF string (PDFDocEncoding):
(hyperref)                removing `math shift' on input line 2108.

<figures/val_f_three_types_nl.png, id=486, 429.2838pt x 338.7054pt>
File: figures/val_f_three_types_nl.png Graphic file (type png)
<use figures/val_f_three_types_nl.png>
Package pdftex.def Info: figures/val_f_three_types_nl.png  used on input line 2
113.
(pdftex.def)             Requested size: 214.64137pt x 169.35228pt.
<figures/success_order.png, id=492, 429.2838pt x 338.7054pt>
File: figures/success_order.png Graphic file (type png)
<use figures/success_order.png>
Package pdftex.def Info: figures/success_order.png  used on input line 2146.
(pdftex.def)             Requested size: 234.8775pt x 185.31691pt.
<figures/success_order_nl.png, id=493, 429.2838pt x 338.7054pt>
File: figures/success_order_nl.png Graphic file (type png)
<use figures/success_order_nl.png>
Package pdftex.def Info: figures/success_order_nl.png  used on input line 2152.

(pdftex.def)             Requested size: 234.8775pt x 185.31691pt.

Overfull \hbox (5.22215pt too wide) in paragraph at lines 2144--2155
 [][]  [] 
 []

[37 <C:/Users/jxt32/Documents/GitHub/EEJKT_writeup/figures/val_f_three_types_nl
.png (PNG copy)>] [38 <C:/Users/jxt32/Documents/GitHub/EEJKT_writeup/figures/su
ccess_order.png (PNG copy)> <C:/Users/jxt32/Documents/GitHub/EEJKT_writeup/figu
res/success_order_nl.png (PNG copy)>]
<figures/intangible_value_per_firm.png, id=512, 1184.7462pt x 708.246pt>
File: figures/intangible_value_per_firm.png Graphic file (type png)
<use figures/intangible_value_per_firm.png>
Package pdftex.def Info: figures/intangible_value_per_firm.png  used on input l
ine 2201.
(pdftex.def)             Requested size: 211.38832pt x 126.36566pt.
<figures/intangible_value_per_firm_median.png, id=513, 1184.7462pt x 708.246pt>

File: figures/intangible_value_per_firm_median.png Graphic file (type png)
<use figures/intangible_value_per_firm_median.png>
Package pdftex.def Info: figures/intangible_value_per_firm_median.png  used on 
input line 2206.
(pdftex.def)             Requested size: 211.38832pt x 126.36566pt.
 [39 <C:/Users/jxt32/Documents/GitHub/EEJKT_writeup/figures/intangible_value_pe
r_firm.png (PNG copy)> <C:/Users/jxt32/Documents/GitHub/EEJKT_writeup/figures/i
ntangible_value_per_firm_median.png (PNG copy)>]
<figures/total_sales.png, id=526, 1184.7462pt x 708.246pt>
File: figures/total_sales.png Graphic file (type png)
<use figures/total_sales.png>
Package pdftex.def Info: figures/total_sales.png  used on input line 2248.
(pdftex.def)             Requested size: 211.38832pt x 126.36566pt.
<figures/total_sales_unf.png, id=527, 1184.7462pt x 708.246pt>
File: figures/total_sales_unf.png Graphic file (type png)
<use figures/total_sales_unf.png>
Package pdftex.def Info: figures/total_sales_unf.png  used on input line 2253.
(pdftex.def)             Requested size: 211.38832pt x 126.36566pt.
<figures/total_matches.png, id=528, 1184.7462pt x 708.246pt>
File: figures/total_matches.png Graphic file (type png)
<use figures/total_matches.png>
Package pdftex.def Info: figures/total_matches.png  used on input line 2259.
(pdftex.def)             Requested size: 211.38832pt x 126.36566pt.
<figures/total_matches_unf.png, id=529, 1184.7462pt x 708.246pt>
File: figures/total_matches_unf.png Graphic file (type png)
<use figures/total_matches_unf.png>
Package pdftex.def Info: figures/total_matches_unf.png  used on input line 2264
.
(pdftex.def)             Requested size: 211.38832pt x 126.36566pt.
<figures/total_firms.png, id=530, 1184.7462pt x 708.246pt>
File: figures/total_firms.png Graphic file (type png)
<use figures/total_firms.png>
Package pdftex.def Info: figures/total_firms.png  used on input line 2270.
(pdftex.def)             Requested size: 211.38832pt x 126.36566pt.
<figures/total_firms_unf.png, id=531, 1184.7462pt x 708.246pt>
File: figures/total_firms_unf.png Graphic file (type png)
<use figures/total_firms_unf.png>
Package pdftex.def Info: figures/total_firms_unf.png  used on input line 2275.
(pdftex.def)             Requested size: 211.38832pt x 126.36566pt.
 [40] [41 <C:/Users/jxt32/Documents/GitHub/EEJKT_writeup/figures/total_sales.pn
g (PNG copy)> <C:/Users/jxt32/Documents/GitHub/EEJKT_writeup/figures/total_sale
s_unf.png (PNG copy)> <C:/Users/jxt32/Documents/GitHub/EEJKT_writeup/figures/to
tal_matches.png (PNG copy)> <C:/Users/jxt32/Documents/GitHub/EEJKT_writeup/figu
res/total_matches_unf.png (PNG copy)> <C:/Users/jxt32/Documents/GitHub/EEJKT_wr
iteup/figures/total_firms.png (PNG copy)> <C:/Users/jxt32/Documents/GitHub/EEJK
T_writeup/figures/total_firms_unf.png (PNG copy)>]
<figures/total_sales_pct.png, id=543, 1184.7462pt x 708.246pt>
File: figures/total_sales_pct.png Graphic file (type png)
<use figures/total_sales_pct.png>
Package pdftex.def Info: figures/total_sales_pct.png  used on input line 2297.
(pdftex.def)             Requested size: 211.38832pt x 126.36566pt.
<figures/total_sales_pct_unf.png, id=544, 1184.7462pt x 708.246pt>
File: figures/total_sales_pct_unf.png Graphic file (type png)
<use figures/total_sales_pct_unf.png>
Package pdftex.def Info: figures/total_sales_pct_unf.png  used on input line 23
02.
(pdftex.def)             Requested size: 211.38832pt x 126.36566pt.
<figures/total_matches_pct.png, id=545, 1184.7462pt x 708.246pt>
File: figures/total_matches_pct.png Graphic file (type png)
<use figures/total_matches_pct.png>
Package pdftex.def Info: figures/total_matches_pct.png  used on input line 2308
.
(pdftex.def)             Requested size: 211.38832pt x 126.36566pt.
<figures/total_matches_pct_unf.png, id=546, 1184.7462pt x 708.246pt>
File: figures/total_matches_pct_unf.png Graphic file (type png)
<use figures/total_matches_pct_unf.png>
Package pdftex.def Info: figures/total_matches_pct_unf.png  used on input line 
2313.
(pdftex.def)             Requested size: 211.38832pt x 126.36566pt.
<figures/total_firms_pct.png, id=547, 1184.7462pt x 708.246pt>
File: figures/total_firms_pct.png Graphic file (type png)
<use figures/total_firms_pct.png>
Package pdftex.def Info: figures/total_firms_pct.png  used on input line 2319.
(pdftex.def)             Requested size: 211.38832pt x 126.36566pt.
<figures/total_firms_pct_unf.png, id=548, 1184.7462pt x 708.246pt>
File: figures/total_firms_pct_unf.png Graphic file (type png)
<use figures/total_firms_pct_unf.png>
Package pdftex.def Info: figures/total_firms_pct_unf.png  used on input line 23
24.
(pdftex.def)             Requested size: 211.38832pt x 126.36566pt.
<figures/total_sales_pct_comb.png, id=552, 1094.6496pt x 630.6762pt>
File: figures/total_sales_pct_comb.png Graphic file (type png)
<use figures/total_sales_pct_comb.png>
Package pdftex.def Info: figures/total_sales_pct_comb.png  used on input line 2
350.
(pdftex.def)             Requested size: 211.38832pt x 121.78325pt.
<figures/total_sales_pct_unf_comb.png, id=553, 1094.6496pt x 630.6762pt>
File: figures/total_sales_pct_unf_comb.png Graphic file (type png)
<use figures/total_sales_pct_unf_comb.png>
Package pdftex.def Info: figures/total_sales_pct_unf_comb.png  used on input li
ne 2355.
(pdftex.def)             Requested size: 211.38832pt x 121.78325pt.
<figures/total_matches_pct_comb.png, id=554, 1094.6496pt x 630.6762pt>
File: figures/total_matches_pct_comb.png Graphic file (type png)
<use figures/total_matches_pct_comb.png>
Package pdftex.def Info: figures/total_matches_pct_comb.png  used on input line
 2361.
(pdftex.def)             Requested size: 211.38832pt x 121.78325pt.
<figures/total_matches_pct_unf_comb.png, id=555, 1094.6496pt x 630.6762pt>
File: figures/total_matches_pct_unf_comb.png Graphic file (type png)
<use figures/total_matches_pct_unf_comb.png>
Package pdftex.def Info: figures/total_matches_pct_unf_comb.png  used on input 
line 2366.
(pdftex.def)             Requested size: 211.38832pt x 121.78325pt.
<figures/total_firms_pct_comb.png, id=556, 1094.6496pt x 630.6762pt>
File: figures/total_firms_pct_comb.png Graphic file (type png)
<use figures/total_firms_pct_comb.png>
Package pdftex.def Info: figures/total_firms_pct_comb.png  used on input line 2
372.
(pdftex.def)             Requested size: 211.38832pt x 121.78325pt.
<figures/total_firms_pct_unf_comb.png, id=557, 1094.6496pt x 630.6762pt>
File: figures/total_firms_pct_unf_comb.png Graphic file (type png)
<use figures/total_firms_pct_unf_comb.png>
Package pdftex.def Info: figures/total_firms_pct_unf_comb.png  used on input li
ne 2377.
(pdftex.def)             Requested size: 211.38832pt x 121.78325pt.


LaTeX Warning: Reference `fig:export_dynamics_average_alt' on page 42 undefined
 on input line 2384.

[42] [43 <C:/Users/jxt32/Documents/GitHub/EEJKT_writeup/figures/total_sales_pct
.png (PNG copy)> <C:/Users/jxt32/Documents/GitHub/EEJKT_writeup/figures/total_s
ales_pct_unf.png (PNG copy)> <C:/Users/jxt32/Documents/GitHub/EEJKT_writeup/fig
ures/total_matches_pct.png (PNG copy)> <C:/Users/jxt32/Documents/GitHub/EEJKT_w
riteup/figures/total_matches_pct_unf.png (PNG copy)> <C:/Users/jxt32/Documents/
GitHub/EEJKT_writeup/figures/total_firms_pct.png (PNG copy)> <C:/Users/jxt32/Do
cuments/GitHub/EEJKT_writeup/figures/total_firms_pct_unf.png (PNG copy)>]
[44 <C:/Users/jxt32/Documents/GitHub/EEJKT_writeup/figures/total_sales_pct_comb
.png (PNG copy)> <C:/Users/jxt32/Documents/GitHub/EEJKT_writeup/figures/total_s
ales_pct_unf_comb.png (PNG copy)> <C:/Users/jxt32/Documents/GitHub/EEJKT_writeu
p/figures/total_matches_pct_comb.png (PNG copy)> <C:/Users/jxt32/Documents/GitH
ub/EEJKT_writeup/figures/total_matches_pct_unf_comb.png (PNG copy)> <C:/Users/j
xt32/Documents/GitHub/EEJKT_writeup/figures/total_firms_pct_comb.png (PNG copy)
> <C:/Users/jxt32/Documents/GitHub/EEJKT_writeup/figures/total_firms_pct_unf_co
mb.png (PNG copy)>]

LaTeX Warning: Reference `fig:export_dynamics_average_alt' on page 45 undefined
 on input line 2387.


LaTeX Warning: Reference `sec:value_of_relationships' on page 45 undefined on i
nput line 2393.

! Undefined control sequence.
<recently read> \phialt 
                        
l.2393 ...g among high productivity (high $\phialt
                                                  $) firms, which tend to be...

? 
[45] [46] [47]
Overfull \hbox (1.91652pt too wide) in paragraph at lines 2561--2564
[]\OT1/cmr/m/n/12 Baldwin, Richard and Paul Krug-man (1989) "Trade Ef-fects if 
Karge Ex-change Rate Shocks."
 []

[48] [49]
Overfull \hbox (1.47069pt too wide) in paragraph at lines 2638--2640
[]\OT1/cmr/m/n/12 Fitzgerald, Doire-ann, Ste-fanie Hallerz, and Yaniv Yedid-Lev
i (2019) "How Ex-porters Grow."
 []

[50] [51]
Overfull \hbox (17.58313pt too wide) in paragraph at lines 2709--2732
 [][] 
 []

[52] [53] [54] [55] [56] [57] [58]

LaTeX Font Warning: Command \small invalid in math mode on input line 2976.


LaTeX Font Warning: Command \small invalid in math mode on input line 2976.


LaTeX Font Warning: Command \small invalid in math mode on input line 2976.


LaTeX Font Warning: Command \small invalid in math mode on input line 2976.


LaTeX Font Warning: Command \small invalid in math mode on input line 2976.


LaTeX Font Warning: Command \small invalid in math mode on input line 2976.


LaTeX Font Warning: Command \small invalid in math mode on input line 2976.


LaTeX Font Warning: Command \small invalid in math mode on input line 2976.


LaTeX Font Warning: Command \small invalid in math mode on input line 3040.


LaTeX Font Warning: Command \small invalid in math mode on input line 3040.


LaTeX Font Warning: Command \small invalid in math mode on input line 3040.


LaTeX Font Warning: Command \small invalid in math mode on input line 3040.


LaTeX Font Warning: Command \small invalid in math mode on input line 3040.


LaTeX Font Warning: Command \small invalid in math mode on input line 3040.


LaTeX Font Warning: Command \small invalid in math mode on input line 3040.


LaTeX Font Warning: Command \small invalid in math mode on input line 3040.

[59] [60] [61] [62

]
Package atveryend Info: Empty hook `BeforeClearDocument' on input line 3343.
 [63] [64] [65]
Package atveryend Info: Empty hook `AfterLastShipout' on input line 3343.
 (writeup.aux)
Package atveryend Info: Executing hook `AtVeryEndDocument' on input line 3343.
Package atveryend Info: Executing hook `AtEndAfterFileList' on input line 3343.



Package rerunfilecheck Warning: File `writeup.out' has changed.
(rerunfilecheck)                Rerun to get outlines right
(rerunfilecheck)                or use package `bookmark'.

Package rerunfilecheck Info: Checksums for `writeup.out':
(rerunfilecheck)             Before: 769B59696CD39421CD0FEF8F637F8384;2709
(rerunfilecheck)             After:  C860FE20A2EE8C124C88EF0188F8D3F6;2800.

LaTeX Warning: There were undefined references.


LaTeX Warning: Label(s) may have changed. Rerun to get cross-references right.

Package atveryend Info: Empty hook `AtVeryVeryEnd' on input line 3343.
 )
(\end occurred when \ifx on line 678 was incomplete) 
Here is how much of TeX's memory you used:
 10180 strings out of 481303
 152772 string characters out of 2917592
 481189 words of memory out of 3000000
 25252 multiletter control sequences out of 15000+200000
 549703 words of font info for 94 fonts, out of 3000000 for 9000
 1141 hyphenation exceptions out of 8191
 40i,19n,42p,923b,502s stack positions out of 5000i,500n,10000p,200000b,50000s
pdfTeX warning (dest): name
{Hfootnote.39} has been referenced but does not exist, replaced by a fixed one

pdfTeX warning (dest): name{Hfootnote.38} has been referenced but does not exis
t, replaced by a fixed one

pdfTeX warning (dest): name{table.caption.21} has been referenced but does not 
exist, replaced by a fixed one

pdfTeX warning (dest): name{Hfootnote.37} has been referenced but does not exis
t, replaced by a fixed one

pdfTeX warning (dest): name{Hfootnote.36} has been referenced but does not exis
t, replaced by a fixed one

pdfTeX warning (dest): name{Hfootnote.35} has been referenced but does not exis
t, replaced by a fixed one

pdfTeX warning (dest): name{Hfootnote.34} has been referenced but does not exis
t, replaced by a fixed one

pdfTeX warning (dest): name{Hfootnote.33} has been referenced but does not exis
t, replaced by a fixed one

pdfTeX warning (dest): name{Hfootnote.32} has been referenced but does not exis
t, replaced by a fixed one

pdfTeX warning (dest): name{Hfootnote.31} has been referenced but does not exis
t, replaced by a fixed one

pdfTeX warning (dest): name{Hfootnote.30} has been referenced but does not exis
t, replaced by a fixed one

pdfTeX warning (dest): name{Hfootnote.29} has been referenced but does not exis
t, replaced by a fixed one

pdfTeX warning (dest): name{Hfootnote.28} has been referenced but does not exis
t, replaced by a fixed one

pdfTeX warning (dest): name{Hfootnote.27} has been referenced but does not exis
t, replaced by a fixed one

pdfTeX warning (dest): name{Hfootnote.26} has been referenced but does not exis
t, replaced by a fixed one

pdfTeX warning (dest): name{Hfootnote.25} has been referenced but does not exis
t, replaced by a fixed one

pdfTeX warning (dest): name{Hfootnote.24} has been referenced but does not exis
t, replaced by a fixed one

pdfTeX warning (dest): name{Hfootnote.23} has been referenced but does not exis
t, replaced by a fixed one

pdfTeX warning (dest): name{Hfootnote.22} has been referenced but does not exis
t, replaced by a fixed one

pdfTeX warning (dest): name{Hfootnote.21} has been referenced but does not exis
t, replaced by a fixed one

pdfTeX warning (dest): name{Hfootnote.20} has been referenced but does not exis
t, replaced by a fixed one

pdfTeX warning (dest): name{Hfootnote.19} has been referenced but does not exis
t, replaced by a fixed one

pdfTeX warning (dest): name{Hfootnote.18} has been referenced but does not exis
t, replaced by a fixed one

pdfTeX warning (dest): name{Hfootnote.17} has been referenced but does not exis
t, replaced by a fixed one

pdfTeX warning (dest): name{Hfootnote.16} has been referenced but does not exis
t, replaced by a fixed one

pdfTeX warning (dest): name{Hfootnote.15} has been referenced but does not exis
t, replaced by a fixed one

pdfTeX warning (dest): name{Hfootnote.14} has been referenced but does not exis
t, replaced by a fixed one

pdfTeX warning (dest): name{Hfootnote.13} has been referenced but does not exis
t, replaced by a fixed one

pdfTeX warning (dest): name{Hfootnote.12} has been referenced but does not exis
t, replaced by a fixed one

pdfTeX warning (dest): name{Hfootnote.11} has been referenced but does not exis
t, replaced by a fixed one

pdfTeX warning (dest): name{Hfootnote.10} has been referenced but does not exis
t, replaced by a fixed one

pdfTeX warning (dest): name{Hfootnote.9} has been referenced but does not exist
, replaced by a fixed one

pdfTeX warning (dest): name{Hfootnote.8} has been referenced but does not exist
, replaced by a fixed one

pdfTeX warning (dest): name{Hfootnote.7} has been referenced but does not exist
, replaced by a fixed one

pdfTeX warning (dest): name{Hfootnote.6} has been referenced but does not exist
, replaced by a fixed one

pdfTeX warning (dest): name{Hfootnote.5} has been referenced but does not exist
, replaced by a fixed one

pdfTeX warning (dest): name{Hfootnote.4} has been referenced but does not exist
, replaced by a fixed one

pdfTeX warning (dest): name{Hfootnote.3} has been referenced but does not exist
, replaced by a fixed one

pdfTeX warning (dest): name{Hfootnote.2} has been referenced but does not exist
, replaced by a fixed one

pdfTeX warning (dest): name{Hfootnote.1} has been referenced but does not exist
, replaced by a fixed one

 <C:\Users\jxt32\AppData\Local\MiKTeX\2.9\fonts/pk/ljfour/jknappen/ec/dpi600\tc
bx1200.pk> <C:\Users\jxt32\AppData\Local\MiKTeX\2.9\fonts/pk/ljfour/jknappen/ec
/dpi600\tcrm1200.pk> <C:\Users\jxt32\AppData\Local\MiKTeX\2.9\fonts/pk/ljfour/j
knappen/ec/dpi600\tcrm0700.pk> <C:\Users\jxt32\AppData\Local\MiKTeX\2.9\fonts/p
k/ljfour/jknappen/ec/dpi600\tcrm1440.pk><C:/Program Files/MiKTeX 2.9/fonts/type
1/public/amsfonts/cm/cmbx10.pfb><C:/Program Files/MiKTeX 2.9/fonts/type1/public
/amsfonts/cm/cmbx12.pfb><C:/Program Files/MiKTeX 2.9/fonts/type1/public/amsfont
s/cm/cmcsc10.pfb><C:/Program Files/MiKTeX 2.9/fonts/type1/public/amsfonts/cm/cm
ex10.pfb><C:/Program Files/MiKTeX 2.9/fonts/type1/public/amsfonts/cm/cmmi10.pfb
><C:/Program Files/MiKTeX 2.9/fonts/type1/public/amsfonts/cm/cmmi12.pfb><C:/Pro
gram Files/MiKTeX 2.9/fonts/type1/public/amsfonts/cm/cmmi5.pfb><C:/Program File
s/MiKTeX 2.9/fonts/type1/public/amsfonts/cm/cmmi6.pfb><C:/Program Files/MiKTeX 
2.9/fonts/type1/public/amsfonts/cm/cmmi7.pfb><C:/Program Files/MiKTeX 2.9/fonts
/type1/public/amsfonts/cm/cmmi8.pfb><C:/Program Files/MiKTeX 2.9/fonts/type1/pu
blic/amsfonts/cm/cmr10.pfb><C:/Program Files/MiKTeX 2.9/fonts/type1/public/amsf
onts/cm/cmr12.pfb><C:/Program Files/MiKTeX 2.9/fonts/type1/public/amsfonts/cm/c
mr17.pfb><C:/Program Files/MiKTeX 2.9/fonts/type1/public/amsfonts/cm/cmr5.pfb><
C:/Program Files/MiKTeX 2.9/fonts/type1/public/amsfonts/cm/cmr6.pfb><C:/Program
 Files/MiKTeX 2.9/fonts/type1/public/amsfonts/cm/cmr7.pfb><C:/Program Files/MiK
TeX 2.9/fonts/type1/public/amsfonts/cm/cmr8.pfb><C:/Program Files/MiKTeX 2.9/fo
nts/type1/public/amsfonts/cm/cmsy10.pfb><C:/Program Files/MiKTeX 2.9/fonts/type
1/public/amsfonts/cm/cmsy5.pfb><C:/Program Files/MiKTeX 2.9/fonts/type1/public/
amsfonts/cm/cmsy6.pfb><C:/Program Files/MiKTeX 2.9/fonts/type1/public/amsfonts/
cm/cmsy7.pfb><C:/Program Files/MiKTeX 2.9/fonts/type1/public/amsfonts/cm/cmsy8.
pfb><C:/Program Files/MiKTeX 2.9/fonts/type1/public/amsfonts/cm/cmti10.pfb><C:/
Program Files/MiKTeX 2.9/fonts/type1/public/amsfonts/cm/cmti12.pfb>
Output written on writeup.pdf (65 pages, 2472596 bytes).
PDF statistics:
 827 PDF objects out of 1000 (max. 8388607)
 189 named destinations out of 1000 (max. 500000)
 427 words of extra memory for PDF output out of 10000 (max. 10000000)

