\BOOKMARK [1][-]{section.1}{Introduction}{}% 1
\BOOKMARK [2][-]{subsection.1.1}{Relation to literature}{section.1}% 2
\BOOKMARK [1][-]{section.2}{Firm-Level Trade: Transaction Level Evidence}{}% 3
\BOOKMARK [2][-]{subsection.2.1}{Data}{section.2}% 4
\BOOKMARK [2][-]{subsection.2.2}{Exporter cohort maturation}{section.2}% 5
\BOOKMARK [2][-]{subsection.2.3}{Patterns of buyer-seller matches}{section.2}% 6
\BOOKMARK [3][-]{subsubsection.2.3.1}{Monogamous and polygamous matches}{subsection.2.3}% 7
\BOOKMARK [3][-]{subsubsection.2.3.2}{Transition Probabilities}{subsection.2.3}% 8
\BOOKMARK [3][-]{subsubsection.2.3.3}{Ergodic degree distribution}{subsection.2.3}% 9
\BOOKMARK [3][-]{subsubsection.2.3.4}{Match maturation}{subsection.2.3}% 10
\BOOKMARK [1][-]{section.3}{A Model of Exporting at the Transactions Level}{}% 11
\BOOKMARK [2][-]{subsection.3.1}{A Seller-Buyer Relationship}{section.3}% 12
\BOOKMARK [3][-]{subsubsection.3.1.1}{Profits from a single shipment}{subsection.3.1}% 13
\BOOKMARK [3][-]{subsubsection.3.1.2}{Relationship dynamics}{subsection.3.1}% 14
\BOOKMARK [2][-]{subsection.3.2}{Learning about Product Appeal}{section.3}% 15
\BOOKMARK [2][-]{subsection.3.3}{Searching for Buyers}{section.3}% 16
\BOOKMARK [1][-]{section.4}{An empirical version of the model}{}% 17
\BOOKMARK [2][-]{subsection.4.1}{The search cost function}{section.4}% 18
\BOOKMARK [2][-]{subsection.4.2}{Processes for exogenous state variables}{section.4}% 19
\BOOKMARK [1][-]{section.5}{Estimation}{}% 20
\BOOKMARK [2][-]{subsection.5.1}{Stage 1: estimating observable jump processes}{section.5}% 21
\BOOKMARK [2][-]{subsection.5.2}{Stage 2: Indirect inference}{section.5}% 22
\BOOKMARK [2][-]{subsection.5.3}{Parameter estimates}{section.5}% 23
\BOOKMARK [1][-]{section.6}{Analysis of results}{}% 24
\BOOKMARK [2][-]{subsection.6.1}{Model fit}{section.6}% 25
\BOOKMARK [2][-]{subsection.6.2}{The value of relationships}{section.6}% 26
\BOOKMARK [3][-]{subsubsection.6.2.1}{The value of clients}{subsection.6.2}% 27
\BOOKMARK [3][-]{subsubsection.6.2.2}{Value dynamics when 0=x"0112 f is known}{subsection.6.2}% 28
\BOOKMARK [2][-]{subsection.6.3}{Macroeconomic adjustment dynamics}{section.6}% 29
\BOOKMARK [3][-]{subsubsection.6.3.1}{The value of connections}{subsection.6.3}% 30
\BOOKMARK [3][-]{subsubsection.6.3.2}{Margins of adjustment}{subsection.6.3}% 31
\BOOKMARK [3][-]{subsubsection.6.3.3}{Trade elasticities}{subsection.6.3}% 32
\BOOKMARK [1][-]{section.7}{Summary}{}% 33
\BOOKMARK [1][-]{appendix.1}{data tables}{}% 34
\BOOKMARK [1][-]{appendix.2}{Data checks}{}% 35
\BOOKMARK [1][-]{appendix.3}{Identification}{}% 36
\BOOKMARK [1][-]{appendix.4}{Model Fit}{}% 37
